<?xml version="1.0" encoding="UTF-8"?>
<!-- Generated by org.testng.reporters.JUnitXMLReporter -->
<testsuite ignored="0" hostname="LAPTOP-NC19AUDK" failures="1" tests="3" name="Validating title" time="21.037" errors="0" timestamp="2020-05-10T22:58:39 BST">
  <testcase classname="MavenAcademy.MavenAcademyProject.AppTest" name="shouldAnswerWithTrue" time="0.022"/>
  <testcase classname="MavenAcademy.MavenAcademyProject.ValidateBar" name="basePageNavigation" time="0.177"/>
  <testcase classname="MavenAcademy.MavenAcademyProject.ValidateTitle" name="basePageNavigation" time="1.417">
    <failure type="java.lang.AssertionError" message="expected:&amp;lt;FEATURED COURSES&amp;gt; but was:&amp;lt;FEATURED COURSES adventador&amp;gt;">
      <![CDATA[java.lang.AssertionError: expected:<FEATURED COURSES> but was:<FEATURED COURSES adventador>
at MavenAcademy.MavenAcademyProject.ValidateTitle.basePageNavigation(ValidateTitle.java:35)
at java.base/java.util.ArrayList.forEach(ArrayList.java:1507)
at java.base/java.util.concurrent.FutureTask.run(FutureTask.java:264)
at java.base/java.util.concurrent.ThreadPoolExecutor.runWorker(ThreadPoolExecutor.java:1128)
at java.base/java.util.concurrent.ThreadPoolExecutor$Worker.run(ThreadPoolExecutor.java:628)
at java.base/java.lang.Thread.run(Thread.java:830)
... Removed 20 stack frames]]>
    </failure>
  </testcase> <!-- basePageNavigation -->
</testsuite> <!-- Validating title -->
